\BOOKMARK [1][-]{section.0.1}{\376\377\000W\000s\000t\001\031\000p}{}% 1
\BOOKMARK [1][-]{section.0.2}{\376\377\000W\000p\000r\000o\000w\000a\000d\000z\000e\000n\000i\000e\000\040\000t\000e\000o\000r\000e\000t\000y\000c\000z\000n\000e}{}% 2
\BOOKMARK [2][-]{subsection.0.2.1}{\376\377\000A\000n\000a\000l\000i\000z\000a\000\040\000w\000r\000a\001\174\000l\000i\000w\000o\001\133\000c\000i}{section.0.2}% 3
\BOOKMARK [2][-]{subsection.0.2.2}{\376\377\000L\000o\000s\000o\000w\000o\001\133\001\007\000\040\000g\000e\000o\000m\000e\000t\000r\000i\000i\000\040\000i\000\040\000w\001\102\000a\001\133\000c\000i\000w\000o\001\133\000c\000i\000\040\000m\000a\000t\000e\000r\000i\000a\001\102\000o\000w\000y\000c\000h}{section.0.2}% 4
\BOOKMARK [2][-]{subsection.0.2.3}{\376\377\000M\000e\000t\000o\000d\000a\000\040\000M\000o\000n\000t\000e\000\040\000C\000a\000r\000l\000o}{section.0.2}% 5
\BOOKMARK [2][-]{subsection.0.2.4}{\376\377\000R\000o\000z\000k\001\102\000a\000d\000\040\000n\000o\000r\000m\000a\000l\000n\000y}{section.0.2}% 6
\BOOKMARK [2][-]{subsection.0.2.5}{\376\377\000M\000e\000t\000o\000d\000a\000\040\000e\000l\000e\000m\000e\000n\000t\000\363\000w\000\040\000s\000k\000o\001\104\000c\000z\000o\000n\000y\000c\000h\000\040\000M\000E\000S}{section.0.2}% 7
\BOOKMARK [2][-]{subsection.0.2.6}{\376\377\000N\000a\000r\000z\001\031\000d\000z\000i\000a\000\040\000p\000r\000o\000g\000r\000a\000m\000i\000s\000t\000y\000c\000z\000n\000e}{section.0.2}% 8
\BOOKMARK [3][-]{subsubsection.0.2.6.1}{\376\377\000P\000y\000t\000h\000o\000n}{subsection.0.2.6}% 9
\BOOKMARK [3][-]{subsubsection.0.2.6.2}{\376\377\000O\000p\000e\000n\000S\000e\000e\000s}{subsection.0.2.6}% 10
\BOOKMARK [1][-]{section.0.3}{\376\377\000P\000r\000o\000g\000r\000a\000m\000o\000w\000a\000n\000i\000e}{}% 11
\BOOKMARK [2][-]{subsection.0.3.1}{\376\377\000W\000p\000r\000o\000w\000a\000d\000z\000e\000n\000i\000e\000\040\000p\000r\000o\000g\000r\000m\000a\000m\000i\000s\000t\000y\000c\000z\000n\000e}{section.0.3}% 12
\BOOKMARK [3][-]{subsubsection.0.3.1.1}{\376\377\000K\000o\000n\000f\000i\000g\000u\000r\000a\000c\000j\000a\000\040\001\133\000r\000o\000d\000o\000w\000i\000s\000k\000a}{subsection.0.3.1}% 13
\BOOKMARK [3][-]{subsubsection.0.3.1.2}{\376\377\000I\000n\000s\000t\000a\000l\000a\000c\000j\000a\000\040\000i\000\040\000i\000m\000p\000o\000r\000t\000\040\000m\000o\000d\000u\001\102\000\363\000w}{subsection.0.3.1}% 14
\BOOKMARK [3][-]{subsubsection.0.3.1.3}{\376\377\000T\000w\000o\000r\000z\000e\000n\000i\000e\000\040\000m\000o\000d\000e\000l\000u\000\040\000o\000b\000l\000i\000c\000z\000e\000n\000i\000o\000w\000e\000g\000o}{subsection.0.3.1}% 15
\BOOKMARK [3][-]{subsubsection.0.3.1.4}{\376\377\000D\000e\000f\000i\000n\000i\000o\000w\000a\000n\000i\000e\000\040\000p\000a\000r\000a\000m\000e\000t\000r\000\363\000w}{subsection.0.3.1}% 16
\BOOKMARK [3][-]{subsubsection.0.3.1.5}{\376\377\000D\000e\000f\000i\000n\000i\000o\000w\000a\000n\000i\000e\000\040\000w\001\031\000z\001\102\000\363\000w\000\040\000i\000\040\000p\000o\000d\000p\000\363\000r}{subsection.0.3.1}% 17
\BOOKMARK [3][-]{subsubsection.0.3.1.6}{\376\377\000D\000e\000f\000i\000n\000i\000o\000w\000a\000n\000i\000e\000\040\000e\000l\000e\000m\000e\000n\000t\000\363\000w}{subsection.0.3.1}% 18
\BOOKMARK [3][-]{subsubsection.0.3.1.7}{\376\377\000D\000e\000f\000i\000n\000i\000o\000w\000a\000n\000i\000e\000\040\000o\000b\000c\000i\001\005\001\174\000e\001\104}{subsection.0.3.1}% 19
\BOOKMARK [3][-]{subsubsection.0.3.1.8}{\376\377\000P\000a\000r\000a\000m\000e\000t\000r\000y\000z\000a\000c\000j\000a\000\040\000m\000o\000d\000e\000l\000u}{subsection.0.3.1}% 20
\BOOKMARK [3][-]{subsubsection.0.3.1.9}{\376\377\000P\000r\000z\000e\000p\000r\000o\000w\000a\000d\000z\000e\000n\000i\000e\000\040\000o\000b\000l\000i\000c\000z\000e\001\104}{subsection.0.3.1}% 21
\BOOKMARK [1][-]{section.0.4}{\376\377\000P\000r\000z\000y\000k\001\102\000a\000d\000y}{}% 22
\BOOKMARK [2][-]{subsection.0.4.1}{\376\377\000R\000a\000m\000a}{section.0.4}% 23
\BOOKMARK [2][-]{subsection.0.4.2}{\376\377\000B\000e\000l\000k\000a}{section.0.4}% 24
\BOOKMARK [2][-]{subsection.0.4.3}{\376\377\000K\000o\000n\000s\000t\000r\000u\000k\000c\000j\000a\000\040\000p\000r\001\031\000t\000o\000w\000a}{section.0.4}% 25
\BOOKMARK [1][-]{section.0.5}{\376\377\000P\000o\000d\000s\000u\000m\000o\000w\000a\000n\000i\000e}{}% 26
\BOOKMARK [1][-]{section.0.5}{\376\377\000B\000i\000b\000l\000i\000o\000g\000r\000a\000f\000i\000a}{}% 27
\BOOKMARK [1][-]{section*.58}{\376\377\001\171\000r\000\363\000d\001\102\000a\000\040\000i\000n\000t\000e\000r\000n\000e\000t\000o\000w\000e}{}% 28
\BOOKMARK [1][-]{section*.59}{\376\377\000S\000p\000i\000s\000\040\000r\000y\000s\000u\000n\000k\000\363\000w}{}% 29
\BOOKMARK [1][-]{section*.59}{\376\377\000S\000p\000i\000s\000\040\000t\000a\000b\000e\000l}{}% 30
